app/build/intermediates/manifest_merge_blame_file/debug/processDebugMainManifest/manifest-merger-blame-debug-report.txt
1<?xml version="1.0" encoding="utf-8"?>
2<!--
3SPDX-FileCopyrightText: 2023 Albert Vaca Cintora <albertvaka@gmail.com>
4
5SPDX-License-Identifier: GPL-2.0-only OR GPL-3.0-only OR LicenseRef-KDE-Accepted-GPL
6-->
7<manifest xmlns:android="http://schemas.android.com/apk/res/android"
8    package="org.cosmic.cosmicconnect.debug"
9    android:versionCode="13404"
10    android:versionName="1.0.0-beta-debug" >
11
12    <uses-sdk
13        android:minSdkVersion="23"
14        android:targetSdkVersion="34" />
15
16    <uses-feature
16-->cosmic-connect-android/app/AndroidManifest.xml:12:5-14:36
17        android:name="android.hardware.telephony"
17-->cosmic-connect-android/app/AndroidManifest.xml:13:9-50
18        android:required="false" />
18-->cosmic-connect-android/app/AndroidManifest.xml:14:9-33
19    <uses-feature
19-->cosmic-connect-android/app/AndroidManifest.xml:15:5-17:36
20        android:name="android.hardware.touchscreen"
20-->cosmic-connect-android/app/AndroidManifest.xml:16:9-52
21        android:required="false" />
21-->cosmic-connect-android/app/AndroidManifest.xml:17:9-33
22    <uses-feature
22-->cosmic-connect-android/app/AndroidManifest.xml:18:5-20:36
23        android:name="android.software.leanback"
23-->cosmic-connect-android/app/AndroidManifest.xml:19:9-49
24        android:required="false" />
24-->cosmic-connect-android/app/AndroidManifest.xml:20:9-33
25    <uses-feature
25-->cosmic-connect-android/app/AndroidManifest.xml:21:5-23:36
26        android:name="android.hardware.bluetooth"
26-->cosmic-connect-android/app/AndroidManifest.xml:22:9-50
27        android:required="false" />
27-->cosmic-connect-android/app/AndroidManifest.xml:23:9-33
28    <uses-feature
28-->cosmic-connect-android/app/AndroidManifest.xml:24:5-26:36
29        android:name="android.hardware.location.gps"
29-->cosmic-connect-android/app/AndroidManifest.xml:25:9-53
30        android:required="false" />
30-->cosmic-connect-android/app/AndroidManifest.xml:26:9-33
31    <uses-feature
31-->cosmic-connect-android/app/AndroidManifest.xml:27:5-29:36
32        android:name="android.hardware.microphone"
32-->cosmic-connect-android/app/AndroidManifest.xml:28:9-51
33        android:required="false" />
33-->cosmic-connect-android/app/AndroidManifest.xml:29:9-33
34
35    <uses-permission android:name="android.permission.RECEIVE_BOOT_COMPLETED" />
35-->cosmic-connect-android/app/AndroidManifest.xml:31:5-81
35-->cosmic-connect-android/app/AndroidManifest.xml:31:22-78
36    <uses-permission android:name="android.permission.INTERNET" />
36-->cosmic-connect-android/app/AndroidManifest.xml:32:5-67
36-->cosmic-connect-android/app/AndroidManifest.xml:32:22-64
37    <uses-permission
37-->cosmic-connect-android/app/AndroidManifest.xml:33:5-95
38        android:name="android.permission.BLUETOOTH"
38-->cosmic-connect-android/app/AndroidManifest.xml:33:22-65
39        android:maxSdkVersion="30" />
39-->cosmic-connect-android/app/AndroidManifest.xml:33:66-92
40    <uses-permission
40-->cosmic-connect-android/app/AndroidManifest.xml:34:5-101
41        android:name="android.permission.BLUETOOTH_ADMIN"
41-->cosmic-connect-android/app/AndroidManifest.xml:34:22-71
42        android:maxSdkVersion="30" />
42-->cosmic-connect-android/app/AndroidManifest.xml:34:72-98
43    <uses-permission android:name="android.permission.BLUETOOTH_CONNECT" />
43-->cosmic-connect-android/app/AndroidManifest.xml:35:5-76
43-->cosmic-connect-android/app/AndroidManifest.xml:35:22-73
44    <uses-permission android:name="android.permission.BLUETOOTH_SCAN" />
44-->cosmic-connect-android/app/AndroidManifest.xml:36:5-73
44-->cosmic-connect-android/app/AndroidManifest.xml:36:22-70
45    <uses-permission android:name="android.permission.ACCESS_NETWORK_STATE" />
45-->cosmic-connect-android/app/AndroidManifest.xml:37:5-79
45-->cosmic-connect-android/app/AndroidManifest.xml:37:22-76
46    <uses-permission android:name="android.permission.CHANGE_NETWORK_STATE" />
46-->cosmic-connect-android/app/AndroidManifest.xml:38:5-79
46-->cosmic-connect-android/app/AndroidManifest.xml:38:22-76
47    <uses-permission android:name="android.permission.ACCESS_WIFI_STATE" />
47-->cosmic-connect-android/app/AndroidManifest.xml:39:5-76
47-->cosmic-connect-android/app/AndroidManifest.xml:39:22-73
48    <uses-permission android:name="android.permission.CHANGE_WIFI_STATE" />
48-->cosmic-connect-android/app/AndroidManifest.xml:40:5-76
48-->cosmic-connect-android/app/AndroidManifest.xml:40:22-73
49    <uses-permission android:name="android.permission.CHANGE_WIFI_MULTICAST_STATE" />
49-->cosmic-connect-android/app/AndroidManifest.xml:41:5-86
49-->cosmic-connect-android/app/AndroidManifest.xml:41:22-83
50    <uses-permission android:name="android.permission.READ_PHONE_STATE" />
50-->cosmic-connect-android/app/AndroidManifest.xml:42:5-75
50-->cosmic-connect-android/app/AndroidManifest.xml:42:22-72
51    <uses-permission android:name="android.permission.READ_CONTACTS" />
51-->cosmic-connect-android/app/AndroidManifest.xml:43:5-72
51-->cosmic-connect-android/app/AndroidManifest.xml:43:22-69
52    <uses-permission android:name="android.permission.READ_EXTERNAL_STORAGE" />
52-->cosmic-connect-android/app/AndroidManifest.xml:44:5-80
52-->cosmic-connect-android/app/AndroidManifest.xml:44:22-77
53    <uses-permission android:name="android.permission.VIBRATE" />
53-->cosmic-connect-android/app/AndroidManifest.xml:45:5-66
53-->cosmic-connect-android/app/AndroidManifest.xml:45:22-63
54    <uses-permission android:name="android.permission.WRITE_EXTERNAL_STORAGE" />
54-->cosmic-connect-android/app/AndroidManifest.xml:46:5-81
54-->cosmic-connect-android/app/AndroidManifest.xml:46:22-78
55    <uses-permission android:name="android.permission.DOWNLOAD_WITHOUT_NOTIFICATION" />
55-->cosmic-connect-android/app/AndroidManifest.xml:47:5-88
55-->cosmic-connect-android/app/AndroidManifest.xml:47:22-85
56    <uses-permission android:name="android.permission.FOREGROUND_SERVICE" />
56-->cosmic-connect-android/app/AndroidManifest.xml:48:5-77
56-->cosmic-connect-android/app/AndroidManifest.xml:48:22-74
57    <uses-permission android:name="android.permission.READ_CALL_LOG" />
57-->cosmic-connect-android/app/AndroidManifest.xml:49:5-72
57-->cosmic-connect-android/app/AndroidManifest.xml:49:22-69
58    <uses-permission android:name="android.permission.SEND_SMS" />
58-->cosmic-connect-android/app/AndroidManifest.xml:50:5-67
58-->cosmic-connect-android/app/AndroidManifest.xml:50:22-64
59    <uses-permission android:name="android.permission.READ_SMS" />
59-->cosmic-connect-android/app/AndroidManifest.xml:51:5-67
59-->cosmic-connect-android/app/AndroidManifest.xml:51:22-64
60    <uses-permission android:name="android.permission.RECEIVE_SMS" />
60-->cosmic-connect-android/app/AndroidManifest.xml:52:5-70
60-->cosmic-connect-android/app/AndroidManifest.xml:52:22-67
61    <uses-permission android:name="android.permission.RECEIVE_MMS" />
61-->cosmic-connect-android/app/AndroidManifest.xml:53:5-70
61-->cosmic-connect-android/app/AndroidManifest.xml:53:22-67
62    <uses-permission android:name="android.permission.WAKE_LOCK" />
62-->cosmic-connect-android/app/AndroidManifest.xml:54:5-68
62-->cosmic-connect-android/app/AndroidManifest.xml:54:22-65
63    <uses-permission android:name="android.permission.REQUEST_INSTALL_PACKAGES" />
63-->cosmic-connect-android/app/AndroidManifest.xml:55:5-83
63-->cosmic-connect-android/app/AndroidManifest.xml:55:22-80
64    <uses-permission android:name="android.permission.USE_FULL_SCREEN_INTENT" />
64-->cosmic-connect-android/app/AndroidManifest.xml:56:5-81
64-->cosmic-connect-android/app/AndroidManifest.xml:56:22-78
65    <uses-permission android:name="android.permission.ACCESS_COARSE_LOCATION" />
65-->cosmic-connect-android/app/AndroidManifest.xml:57:5-81
65-->cosmic-connect-android/app/AndroidManifest.xml:57:22-78
66    <uses-permission android:name="android.permission.ACCESS_FINE_LOCATION" />
66-->cosmic-connect-android/app/AndroidManifest.xml:58:5-79
66-->cosmic-connect-android/app/AndroidManifest.xml:58:22-76
67    <uses-permission android:name="android.permission.RECORD_AUDIO" />
67-->cosmic-connect-android/app/AndroidManifest.xml:59:5-71
67-->cosmic-connect-android/app/AndroidManifest.xml:59:22-68
68    <uses-permission android:name="android.permission.QUERY_ALL_PACKAGES" />
68-->cosmic-connect-android/app/AndroidManifest.xml:60:5-119
68-->cosmic-connect-android/app/AndroidManifest.xml:60:22-74
69    <uses-permission android:name="android.permission.ACCESS_BACKGROUND_LOCATION" />
69-->cosmic-connect-android/app/AndroidManifest.xml:61:5-85
69-->cosmic-connect-android/app/AndroidManifest.xml:61:22-82
70    <uses-permission android:name="android.permission.READ_LOGS" />
70-->cosmic-connect-android/app/AndroidManifest.xml:62:5-104
70-->cosmic-connect-android/app/AndroidManifest.xml:62:22-65
71    <uses-permission android:name="android.permission.SYSTEM_ALERT_WINDOW" />
71-->cosmic-connect-android/app/AndroidManifest.xml:63:5-78
71-->cosmic-connect-android/app/AndroidManifest.xml:63:22-75
72    <uses-permission android:name="android.permission.FOREGROUND_SERVICE_CONNECTED_DEVICE" />
72-->cosmic-connect-android/app/AndroidManifest.xml:64:5-94
72-->cosmic-connect-android/app/AndroidManifest.xml:64:22-91
73    <uses-permission android:name="android.permission.MANAGE_EXTERNAL_STORAGE" />
73-->cosmic-connect-android/app/AndroidManifest.xml:65:5-111
73-->cosmic-connect-android/app/AndroidManifest.xml:65:22-79
74    <uses-permission android:name="android.permission.POST_NOTIFICATIONS" />
74-->cosmic-connect-android/app/AndroidManifest.xml:66:5-77
74-->cosmic-connect-android/app/AndroidManifest.xml:66:22-74
75
76    <permission
76-->[androidx.core:core:1.13.1] AndroidManifest.xml:22:5-24:47
77        android:name="org.cosmic.cosmicconnect.debug.DYNAMIC_RECEIVER_NOT_EXPORTED_PERMISSION"
77-->[androidx.core:core:1.13.1] AndroidManifest.xml:23:9-81
78        android:protectionLevel="signature" />
78-->[androidx.core:core:1.13.1] AndroidManifest.xml:24:9-44
79
80    <uses-permission android:name="org.cosmic.cosmicconnect.debug.DYNAMIC_RECEIVER_NOT_EXPORTED_PERMISSION" />
80-->[androidx.core:core:1.13.1] AndroidManifest.xml:26:5-97
80-->[androidx.core:core:1.13.1] AndroidManifest.xml:26:22-94
81
82    <application
82-->cosmic-connect-android/app/AndroidManifest.xml:68:5-473:19
83        android:name="org.cosmic.cosmicconnect.CosmicConnect"
83-->cosmic-connect-android/app/AndroidManifest.xml:78:9-62
84        android:allowBackup="false"
84-->cosmic-connect-android/app/AndroidManifest.xml:74:9-36
85        android:appComponentFactory="androidx.core.app.CoreComponentFactory"
85-->[androidx.core:core:1.13.1] AndroidManifest.xml:28:18-86
86        android:banner="@mipmap/ic_launcher_banner"
86-->cosmic-connect-android/app/AndroidManifest.xml:72:9-52
87        android:dataExtractionRules="@xml/data_extraction_rules"
87-->cosmic-connect-android/app/AndroidManifest.xml:75:9-65
88        android:debuggable="true"
89        android:enableOnBackInvokedCallback="true"
89-->cosmic-connect-android/app/AndroidManifest.xml:79:9-51
90        android:extractNativeLibs="false"
91        android:icon="@mipmap/ic_launcher"
91-->cosmic-connect-android/app/AndroidManifest.xml:69:9-43
92        android:label="@string/kde_connect"
92-->cosmic-connect-android/app/AndroidManifest.xml:71:9-44
93        android:localeConfig="@xml/_generated_res_locale_config"
94        android:networkSecurityConfig="@xml/network_security_config"
94-->cosmic-connect-android/app/AndroidManifest.xml:76:9-69
95        android:requestLegacyExternalStorage="true"
95-->cosmic-connect-android/app/AndroidManifest.xml:80:9-52
96        android:roundIcon="@mipmap/ic_launcher_round"
96-->cosmic-connect-android/app/AndroidManifest.xml:70:9-54
97        android:supportsRtl="true"
97-->cosmic-connect-android/app/AndroidManifest.xml:73:9-35
98        android:theme="@style/CosmicConnectTheme.NoActionBar" > <!-- requestLegacyExternalStorage is only used in Android 10: https://developer.android.com/training/data-storage/use-cases#opt-out-in-production-app -->
98-->cosmic-connect-android/app/AndroidManifest.xml:77:9-62
99
100        <receiver
100-->cosmic-connect-android/app/AndroidManifest.xml:83:9-92:20
101            android:name="com.android.mms.transaction.PushReceiver"
101-->cosmic-connect-android/app/AndroidManifest.xml:84:13-68
102            android:exported="true"
102-->cosmic-connect-android/app/AndroidManifest.xml:85:13-36
103            android:permission="android.permission.BROADCAST_WAP_PUSH" >
103-->cosmic-connect-android/app/AndroidManifest.xml:86:13-71
104            <intent-filter>
104-->cosmic-connect-android/app/AndroidManifest.xml:87:13-91:29
105                <action android:name="android.provider.Telephony.WAP_PUSH_DELIVER" />
105-->cosmic-connect-android/app/AndroidManifest.xml:88:17-86
105-->cosmic-connect-android/app/AndroidManifest.xml:88:25-83
106
107                <data android:mimeType="application/vnd.wap.mms-message" />
107-->cosmic-connect-android/app/AndroidManifest.xml:90:17-76
107-->cosmic-connect-android/app/AndroidManifest.xml:90:23-73
108            </intent-filter>
109        </receiver>
110
111        <service
111-->cosmic-connect-android/app/AndroidManifest.xml:94:9-97:39
112            android:name="com.android.mms.transaction.TransactionService"
112-->cosmic-connect-android/app/AndroidManifest.xml:95:13-74
113            android:enabled="true"
113-->cosmic-connect-android/app/AndroidManifest.xml:96:13-35
114            android:exported="true" />
114-->cosmic-connect-android/app/AndroidManifest.xml:97:13-36
115        <service
115-->cosmic-connect-android/app/AndroidManifest.xml:99:9-103:38
116            android:name="org.cosmic.cosmicconnect.BackgroundService"
116-->cosmic-connect-android/app/AndroidManifest.xml:100:13-70
117            android:enabled="true"
117-->cosmic-connect-android/app/AndroidManifest.xml:103:13-35
118            android:foregroundServiceType="connectedDevice"
118-->cosmic-connect-android/app/AndroidManifest.xml:101:13-60
119            android:icon="@drawable/icon" />
119-->cosmic-connect-android/app/AndroidManifest.xml:102:13-42
120        <service
120-->cosmic-connect-android/app/AndroidManifest.xml:104:9-116:19
121            android:name="org.cosmic.cosmicconnect.Plugins.RemoteKeyboardPlugin.RemoteKeyboardService"
121-->cosmic-connect-android/app/AndroidManifest.xml:105:13-103
122            android:exported="true"
122-->cosmic-connect-android/app/AndroidManifest.xml:107:13-36
123            android:label="@string/remote_keyboard_service"
123-->cosmic-connect-android/app/AndroidManifest.xml:106:13-60
124            android:permission="android.permission.BIND_INPUT_METHOD" >
124-->cosmic-connect-android/app/AndroidManifest.xml:108:13-70
125            <intent-filter>
125-->cosmic-connect-android/app/AndroidManifest.xml:109:13-111:29
126                <action android:name="android.view.InputMethod" />
126-->cosmic-connect-android/app/AndroidManifest.xml:110:17-67
126-->cosmic-connect-android/app/AndroidManifest.xml:110:25-64
127            </intent-filter>
128
129            <meta-data
129-->cosmic-connect-android/app/AndroidManifest.xml:113:13-115:71
130                android:name="android.view.im"
130-->cosmic-connect-android/app/AndroidManifest.xml:114:17-47
131                android:resource="@xml/remotekeyboardplugin_method" />
131-->cosmic-connect-android/app/AndroidManifest.xml:115:17-68
132        </service>
133
134        <activity
134-->cosmic-connect-android/app/AndroidManifest.xml:118:9-135:20
135            android:name="org.cosmic.cosmicconnect.UserInterface.MainActivity"
135-->cosmic-connect-android/app/AndroidManifest.xml:119:13-79
136            android:exported="true" >
136-->cosmic-connect-android/app/AndroidManifest.xml:120:13-36
137            <intent-filter>
137-->cosmic-connect-android/app/AndroidManifest.xml:121:13-125:29
138                <action android:name="android.intent.action.MAIN" />
138-->cosmic-connect-android/app/AndroidManifest.xml:122:17-69
138-->cosmic-connect-android/app/AndroidManifest.xml:122:25-66
139
140                <category android:name="android.intent.category.LAUNCHER" />
140-->cosmic-connect-android/app/AndroidManifest.xml:124:17-77
140-->cosmic-connect-android/app/AndroidManifest.xml:124:27-74
141            </intent-filter>
142            <intent-filter>
142-->cosmic-connect-android/app/AndroidManifest.xml:126:13-128:29
143                <action android:name="android.service.quicksettings.action.QS_TILE_PREFERENCES" />
143-->cosmic-connect-android/app/AndroidManifest.xml:127:17-98
143-->cosmic-connect-android/app/AndroidManifest.xml:127:25-96
144            </intent-filter>
145            <intent-filter>
145-->cosmic-connect-android/app/AndroidManifest.xml:129:13-131:29
146                <action android:name="android.intent.action.MAIN" />
146-->cosmic-connect-android/app/AndroidManifest.xml:122:17-69
146-->cosmic-connect-android/app/AndroidManifest.xml:122:25-66
147            </intent-filter>
148
149            <meta-data
149-->cosmic-connect-android/app/AndroidManifest.xml:133:13-134:53
150                android:name="android.app.shortcuts"
150-->cosmic-connect-android/app/AndroidManifest.xml:133:24-60
151                android:resource="@xml/shortcuts" />
151-->cosmic-connect-android/app/AndroidManifest.xml:134:17-50
152        </activity>
153        <activity
153-->cosmic-connect-android/app/AndroidManifest.xml:136:9-144:20
154            android:name="org.cosmic.cosmicconnect.UserInterface.PluginSettingsActivity"
154-->cosmic-connect-android/app/AndroidManifest.xml:137:13-89
155            android:exported="false"
155-->cosmic-connect-android/app/AndroidManifest.xml:139:13-37
156            android:label="@string/device_menu_plugins"
156-->cosmic-connect-android/app/AndroidManifest.xml:138:13-56
157            android:parentActivityName="org.cosmic.cosmicconnect.UserInterface.MainActivity" >
157-->cosmic-connect-android/app/AndroidManifest.xml:140:13-93
158            <meta-data
158-->cosmic-connect-android/app/AndroidManifest.xml:141:13-143:87
159                android:name="android.support.PARENT_ACTIVITY"
159-->cosmic-connect-android/app/AndroidManifest.xml:142:17-63
160                android:value="org.cosmic.cosmicconnect.UserInterface.MainActivity" />
160-->cosmic-connect-android/app/AndroidManifest.xml:143:17-84
161        </activity>
162        <activity
162-->cosmic-connect-android/app/AndroidManifest.xml:145:9-153:20
163            android:name="org.cosmic.cosmicconnect.UserInterface.CustomDevicesActivity"
163-->cosmic-connect-android/app/AndroidManifest.xml:146:13-88
164            android:exported="false"
164-->cosmic-connect-android/app/AndroidManifest.xml:148:13-37
165            android:label="@string/custom_devices_settings"
165-->cosmic-connect-android/app/AndroidManifest.xml:147:13-60
166            android:parentActivityName="org.cosmic.cosmicconnect.UserInterface.MainActivity" >
166-->cosmic-connect-android/app/AndroidManifest.xml:149:13-93
167            <meta-data
167-->cosmic-connect-android/app/AndroidManifest.xml:141:13-143:87
168                android:name="android.support.PARENT_ACTIVITY"
168-->cosmic-connect-android/app/AndroidManifest.xml:142:17-63
169                android:value="org.cosmic.cosmicconnect.UserInterface.MainActivity" />
169-->cosmic-connect-android/app/AndroidManifest.xml:143:17-84
170        </activity>
171        <activity
171-->cosmic-connect-android/app/AndroidManifest.xml:154:9-162:20
172            android:name="org.cosmic.cosmicconnect.Plugins.SharePlugin.SendFileActivity"
172-->cosmic-connect-android/app/AndroidManifest.xml:155:13-89
173            android:exported="true"
173-->cosmic-connect-android/app/AndroidManifest.xml:157:13-36
174            android:label="COSMIC Connect"
174-->cosmic-connect-android/app/AndroidManifest.xml:156:13-43
175            android:parentActivityName="org.cosmic.cosmicconnect.UserInterface.MainActivity" >
175-->cosmic-connect-android/app/AndroidManifest.xml:158:13-93
176            <meta-data
176-->cosmic-connect-android/app/AndroidManifest.xml:141:13-143:87
177                android:name="android.support.PARENT_ACTIVITY"
177-->cosmic-connect-android/app/AndroidManifest.xml:142:17-63
178                android:value="org.cosmic.cosmicconnect.UserInterface.MainActivity" />
178-->cosmic-connect-android/app/AndroidManifest.xml:143:17-84
179        </activity>
180
181        <receiver
181-->cosmic-connect-android/app/AndroidManifest.xml:164:9-178:20
182            android:name="org.cosmic.cosmicconnect.CosmicConnectBroadcastReceiver"
182-->cosmic-connect-android/app/AndroidManifest.xml:164:19-89
183            android:exported="true" >
183-->cosmic-connect-android/app/AndroidManifest.xml:165:13-36
184            <intent-filter>
184-->cosmic-connect-android/app/AndroidManifest.xml:166:13-168:29
185                <action android:name="android.intent.action.MY_PACKAGE_REPLACED" />
185-->cosmic-connect-android/app/AndroidManifest.xml:167:17-83
185-->cosmic-connect-android/app/AndroidManifest.xml:167:25-81
186            </intent-filter>
187            <intent-filter>
187-->cosmic-connect-android/app/AndroidManifest.xml:169:13-171:29
188                <action android:name="android.intent.action.BOOT_COMPLETED" />
188-->cosmic-connect-android/app/AndroidManifest.xml:170:17-79
188-->cosmic-connect-android/app/AndroidManifest.xml:170:25-76
189            </intent-filter>
190            <intent-filter>
190-->cosmic-connect-android/app/AndroidManifest.xml:172:13-174:29
191                <action android:name="android.net.conn.CONNECTIVITY_CHANGE" />
191-->cosmic-connect-android/app/AndroidManifest.xml:173:17-79
191-->cosmic-connect-android/app/AndroidManifest.xml:173:25-76
192            </intent-filter>
193            <intent-filter>
193-->cosmic-connect-android/app/AndroidManifest.xml:175:13-177:29
194                <action android:name="android.net.wifi.WIFI_STATE_CHANGED" />
194-->cosmic-connect-android/app/AndroidManifest.xml:176:17-78
194-->cosmic-connect-android/app/AndroidManifest.xml:176:25-75
195            </intent-filter>
196        </receiver>
197
198        <activity
198-->cosmic-connect-android/app/AndroidManifest.xml:180:9-185:51
199            android:name="org.cosmic.cosmicconnect.Plugins.FindMyPhonePlugin.FindMyPhoneActivity"
199-->cosmic-connect-android/app/AndroidManifest.xml:181:13-98
200            android:configChanges="orientation|screenSize"
200-->cosmic-connect-android/app/AndroidManifest.xml:182:13-59
201            android:excludeFromRecents="true"
201-->cosmic-connect-android/app/AndroidManifest.xml:183:13-46
202            android:label="@string/findmyphone_title"
202-->cosmic-connect-android/app/AndroidManifest.xml:184:13-54
203            android:launchMode="singleInstance" />
203-->cosmic-connect-android/app/AndroidManifest.xml:185:13-48
204
205        <receiver
205-->cosmic-connect-android/app/AndroidManifest.xml:187:9-192:20
206            android:name="org.cosmic.cosmicconnect.Plugins.FindMyPhonePlugin.FindMyPhoneReceiver"
206-->cosmic-connect-android/app/AndroidManifest.xml:187:19-104
207            android:exported="true" >
207-->cosmic-connect-android/app/AndroidManifest.xml:188:13-36
208            <intent-filter>
208-->cosmic-connect-android/app/AndroidManifest.xml:189:13-191:29
209                <action android:name="org.cosmic.cosmicconnect.Plugins.FindMyPhonePlugin.foundIt" />
209-->cosmic-connect-android/app/AndroidManifest.xml:190:17-101
209-->cosmic-connect-android/app/AndroidManifest.xml:190:25-98
210            </intent-filter>
211        </receiver>
212
213        <!-- Plugin-related activities and services -->
214
215        <activity
215-->cosmic-connect-android/app/AndroidManifest.xml:196:9-199:48
216            android:name="org.cosmic.cosmicconnect.Plugins.ClipboardPlugin.ClipboardFloatingActivity"
216-->cosmic-connect-android/app/AndroidManifest.xml:197:13-102
217            android:excludeFromRecents="true"
217-->cosmic-connect-android/app/AndroidManifest.xml:199:13-46
218            android:theme="@style/Theme.Transparent" />
218-->cosmic-connect-android/app/AndroidManifest.xml:198:13-53
219        <activity
219-->cosmic-connect-android/app/AndroidManifest.xml:201:9-209:20
220            android:name="org.cosmic.cosmicconnect.Plugins.MprisPlugin.MprisActivity"
220-->cosmic-connect-android/app/AndroidManifest.xml:202:13-86
221            android:label="@string/open_mpris_controls"
221-->cosmic-connect-android/app/AndroidManifest.xml:203:13-56
222            android:launchMode="singleTop"
222-->cosmic-connect-android/app/AndroidManifest.xml:204:13-43
223            android:parentActivityName="org.cosmic.cosmicconnect.UserInterface.MainActivity" >
223-->cosmic-connect-android/app/AndroidManifest.xml:205:13-93
224            <meta-data
224-->cosmic-connect-android/app/AndroidManifest.xml:141:13-143:87
225                android:name="android.support.PARENT_ACTIVITY"
225-->cosmic-connect-android/app/AndroidManifest.xml:142:17-63
226                android:value="org.cosmic.cosmicconnect.UserInterface.MainActivity" />
226-->cosmic-connect-android/app/AndroidManifest.xml:143:17-84
227        </activity>
228
229        <receiver
229-->cosmic-connect-android/app/AndroidManifest.xml:211:9-216:20
230            android:name="org.cosmic.cosmicconnect.Plugins.MprisPlugin.MprisMediaNotificationReceiver"
230-->cosmic-connect-android/app/AndroidManifest.xml:211:19-109
231            android:exported="true" >
231-->cosmic-connect-android/app/AndroidManifest.xml:212:13-36
232            <intent-filter>
232-->cosmic-connect-android/app/AndroidManifest.xml:213:13-215:29
233                <action android:name="android.intent.action.MEDIA_BUTTON" />
233-->cosmic-connect-android/app/AndroidManifest.xml:214:17-77
233-->cosmic-connect-android/app/AndroidManifest.xml:214:25-74
234            </intent-filter>
235        </receiver>
236
237        <activity
237-->cosmic-connect-android/app/AndroidManifest.xml:218:9-226:20
238            android:name="org.cosmic.cosmicconnect.Plugins.RunCommandPlugin.RunCommandActivity"
238-->cosmic-connect-android/app/AndroidManifest.xml:219:13-96
239            android:exported="false"
239-->cosmic-connect-android/app/AndroidManifest.xml:221:13-37
240            android:label="@string/pref_plugin_runcommand"
240-->cosmic-connect-android/app/AndroidManifest.xml:220:13-59
241            android:parentActivityName="org.cosmic.cosmicconnect.UserInterface.MainActivity" >
241-->cosmic-connect-android/app/AndroidManifest.xml:222:13-93
242            <meta-data
242-->cosmic-connect-android/app/AndroidManifest.xml:141:13-143:87
243                android:name="android.support.PARENT_ACTIVITY"
243-->cosmic-connect-android/app/AndroidManifest.xml:142:17-63
244                android:value="org.cosmic.cosmicconnect.UserInterface.MainActivity" />
244-->cosmic-connect-android/app/AndroidManifest.xml:143:17-84
245        </activity>
246        <activity
246-->cosmic-connect-android/app/AndroidManifest.xml:227:9-233:47
247            android:name="org.cosmic.cosmicconnect.Plugins.RunCommandPlugin.RunCommandWidgetConfigActivity"
247-->cosmic-connect-android/app/AndroidManifest.xml:228:13-108
248            android:excludeFromRecents="true"
248-->cosmic-connect-android/app/AndroidManifest.xml:229:13-46
249            android:label="@string/pref_plugin_runcommand"
249-->cosmic-connect-android/app/AndroidManifest.xml:230:13-59
250            android:launchMode="singleTask"
250-->cosmic-connect-android/app/AndroidManifest.xml:231:13-44
251            android:noHistory="true"
251-->cosmic-connect-android/app/AndroidManifest.xml:232:13-37
252            android:screenOrientation="user" />
252-->cosmic-connect-android/app/AndroidManifest.xml:233:13-45
253
254        <service
254-->cosmic-connect-android/app/AndroidManifest.xml:235:9-238:72
255            android:name="org.cosmic.cosmicconnect.Plugins.RunCommandPlugin.CommandsRemoteViewsService"
255-->cosmic-connect-android/app/AndroidManifest.xml:236:13-104
256            android:exported="false"
256-->cosmic-connect-android/app/AndroidManifest.xml:237:13-37
257            android:permission="android.permission.BIND_REMOTEVIEWS" />
257-->cosmic-connect-android/app/AndroidManifest.xml:238:13-69
258
259        <receiver
259-->cosmic-connect-android/app/AndroidManifest.xml:240:9-254:20
260            android:name="org.cosmic.cosmicconnect.Plugins.RunCommandPlugin.RunCommandWidgetProvider"
260-->cosmic-connect-android/app/AndroidManifest.xml:241:13-102
261            android:exported="true"
261-->cosmic-connect-android/app/AndroidManifest.xml:243:13-36
262            android:label="@string/pref_plugin_runcommand" >
262-->cosmic-connect-android/app/AndroidManifest.xml:242:13-59
263            <intent-filter>
263-->cosmic-connect-android/app/AndroidManifest.xml:244:13-246:29
264                <action android:name="android.appwidget.action.APPWIDGET_UPDATE" />
264-->cosmic-connect-android/app/AndroidManifest.xml:245:17-84
264-->cosmic-connect-android/app/AndroidManifest.xml:245:25-81
265            </intent-filter>
266            <intent-filter>
266-->cosmic-connect-android/app/AndroidManifest.xml:247:13-249:29
267                <action android:name="RUN_COMMAND_ACTION" />
267-->cosmic-connect-android/app/AndroidManifest.xml:248:17-61
267-->cosmic-connect-android/app/AndroidManifest.xml:248:25-58
268            </intent-filter>
269
270            <meta-data
270-->cosmic-connect-android/app/AndroidManifest.xml:251:13-253:70
271                android:name="android.appwidget.provider"
271-->cosmic-connect-android/app/AndroidManifest.xml:252:17-58
272                android:resource="@xml/remotecommandplugin_widget" />
272-->cosmic-connect-android/app/AndroidManifest.xml:253:17-67
273        </receiver>
274
275        <activity
275-->cosmic-connect-android/app/AndroidManifest.xml:256:9-269:20